<?xml version="1.0" encoding="UTF-8"?>
<!-- Generated by org.testng.reporters.JUnitReportReporter -->
<testsuite hostname="DESKTOP-795DVBT" name="TestClass" tests="2" failures="0" timestamp="8 Apr 2018 13:58:46 GMT" time="0.000" errors="0">
  <testcase name="testcase2" time="0.000" classname="TestClass"/>
  <testcase name="testcase1" time="0.000" classname="TestClass"/>
</testsuite> <!-- TestClass -->
